2023/08/05 10:06:27 jar_compare.go:23: 大于等于判断: d:\gaga-dev\hgzx-web.war WEB-INF/lib/fastjson-1.2.83.jar fastjson:1.2.83 不大于等于 fastjson:1.2.84
2023/08/05 10:06:27 jar_compare.go:23: 大于等于判断: d:\gaga-dev\hgzx-web.war WEB-INF/lib/zookeeper-3.4.14.jar zookeeper:3.4.14 不大于等于 zookeeper:4.4.14
2023/08/05 10:06:27 jar_compare.go:12: 相等判断: d:\gaga-dev\hgzx-web.war WEB-INF/lib/accessors-smart-2.4.9.jar accessors-smart:2.4.9 不等于 accessors-smart:1.4.9
2023/08/05 10:06:27 jar_compare.go:12: 相等判断: d:\gaga-dev\hgzx-web.war WEB-INF/lib/BondeGate-2.1.29-SNAPSHOT.jar BondeGate:2.1.29 不等于 BondeGate:2.1.28
2023/08/05 10:06:27 jar_extract.go:42: 警告警告:  WEB-INF/lib/serializer-j_2_7_2.jar [WEB-INF/lib/serializer-j_2_7_2.jar serializer-j_2_7_2.jar] [] []
2023/08/05 10:06:27 jar_extract.go:42: 警告警告:  WEB-INF/lib/xalan-j_2_7_3.jar [WEB-INF/lib/xalan-j_2_7_3.jar xalan-j_2_7_3.jar] [] []
2023/08/05 10:06:27 jar_compare.go:12: 相等判断: d:\gaga-dev\电税开发框架_V1.0.077_R05_20230802\电税开发框架_V1.0.077_R05_20230802\应用包\服务总线\内网\servicebus.war WEB-INF/lib/accessors-smart-2.4.9.jar accessors-smart:2.4.9 不等于 accessors-smart:1.4.9
2023/08/05 10:06:27 jar_compare.go:23: 大于等于判断: d:\gaga-dev\电税开发框架_V1.0.077_R05_20230802\电税开发框架_V1.0.077_R05_20230802\应用包\服务总线\内网\servicebus.war WEB-INF/lib/zookeeper-3.4.14.jar zookeeper:3.4.14 不大于等于 zookeeper:4.4.14
2023/08/05 10:06:27 jar_compare.go:23: 大于等于判断: d:\gaga-dev\电税开发框架_V1.0.077_R05_20230802\电税开发框架_V1.0.077_R05_20230802\应用包\服务总线\内网\servicebus.war WEB-INF/lib/fastjson-1.2.83.jar fastjson:1.2.83 不大于等于 fastjson:1.2.84
2023/08/05 10:06:27 jar_compare.go:12: 相等判断: d:\gaga-dev\电税开发框架_V1.0.077_R05_20230802\电税开发框架_V1.0.077_R05_20230802\应用包\服务总线\内网\servicebus.war WEB-INF/lib/BondeGate-2.1.29-SNAPSHOT.jar BondeGate:2.1.29 不等于 BondeGate:2.1.28
2023/08/05 10:06:27 jar_extract.go:42: 警告警告:  WEB-INF/lib/serializer-j_2_7_2.jar [WEB-INF/lib/serializer-j_2_7_2.jar serializer-j_2_7_2.jar] [] []
2023/08/05 10:06:27 jar_extract.go:42: 警告警告:  WEB-INF/lib/xalan-j_2_7_3.jar [WEB-INF/lib/xalan-j_2_7_3.jar xalan-j_2_7_3.jar] [] []
2023/08/05 10:06:27 jar_compare.go:12: 相等判断: d:\gaga-dev\电税开发框架_V1.0.077_R05_20230802\电税开发框架_V1.0.077_R05_20230802\应用包\服务总线\外网\servicebus.war WEB-INF/lib/accessors-smart-2.4.9.jar accessors-smart:2.4.9 不等于 accessors-smart:1.4.9
2023/08/05 10:06:27 jar_compare.go:12: 相等判断: d:\gaga-dev\电税开发框架_V1.0.077_R05_20230802\电税开发框架_V1.0.077_R05_20230802\应用包\服务总线\外网\servicebus.war WEB-INF/lib/BondeGate-2.1.29-SNAPSHOT.jar BondeGate:2.1.29 不等于 BondeGate:2.1.28
2023/08/05 10:06:27 jar_compare.go:23: 大于等于判断: d:\gaga-dev\电税开发框架_V1.0.077_R05_20230802\电税开发框架_V1.0.077_R05_20230802\应用包\服务总线\外网\servicebus.war WEB-INF/lib/fastjson-1.2.83.jar fastjson:1.2.83 不大于等于 fastjson:1.2.84
2023/08/05 10:06:27 jar_compare.go:23: 大于等于判断: d:\gaga-dev\电税开发框架_V1.0.077_R05_20230802\电税开发框架_V1.0.077_R05_20230802\应用包\服务总线\外网\servicebus.war WEB-INF/lib/zookeeper-3.4.14.jar zookeeper:3.4.14 不大于等于 zookeeper:4.4.14
2023/08/05 10:06:27 jar_compare.go:12: 相等判断: d:\gaga-dev\账户中心产品线_V1.0.077_R05_20230802\账户中心产品线_V1.0.077_R05_20230802\应用包\yhzx-svc.war WEB-INF/lib/BondeGate-2.1.29-SNAPSHOT.jar BondeGate:2.1.29 不等于 BondeGate:2.1.28
2023/08/05 10:06:27 jar_compare.go:23: 大于等于判断: d:\gaga-dev\账户中心产品线_V1.0.077_R05_20230802\账户中心产品线_V1.0.077_R05_20230802\应用包\yhzx-svc.war WEB-INF/lib/zookeeper-3.4.14.jar zookeeper:3.4.14 不大于等于 zookeeper:4.4.14
2023/08/05 10:06:27 jar_compare.go:12: 相等判断: d:\gaga-dev\账户中心产品线_V1.0.077_R05_20230802\账户中心产品线_V1.0.077_R05_20230802\应用包\yhzx-svc.war WEB-INF/lib/accessors-smart-2.4.9.jar accessors-smart:2.4.9 不等于 accessors-smart:1.4.9
2023/08/05 10:06:27 jar_compare.go:23: 大于等于判断: d:\gaga-dev\账户中心产品线_V1.0.077_R05_20230802\账户中心产品线_V1.0.077_R05_20230802\应用包\yhzx-svc.war WEB-INF/lib/fastjson-1.2.83.jar fastjson:1.2.83 不大于等于 fastjson:1.2.84
2023/08/05 10:06:27 jar_extract.go:42: 警告警告:  WEB-INF/lib/SqzxPlatInterface-branch_1.0.002.jar [WEB-INF/lib/SqzxPlatInterface-branch_1.0.002.jar SqzxPlatInterface-branch_1.0.002.jar] [] []
2023/08/05 10:06:27 jar_compare.go:12: 相等判断: d:\gaga-dev\账户中心产品线_V1.0.077_R05_20230802\账户中心产品线_V1.0.077_R05_20230802\应用包\yhzx-web.war WEB-INF/lib/BondeGate-2.1.29-SNAPSHOT.jar BondeGate:2.1.29 不等于 BondeGate:2.1.28
2023/08/05 10:06:27 jar_compare.go:23: 大于等于判断: d:\gaga-dev\账户中心产品线_V1.0.077_R05_20230802\账户中心产品线_V1.0.077_R05_20230802\应用包\yhzx-web.war WEB-INF/lib/zookeeper-3.4.14.jar zookeeper:3.4.14 不大于等于 zookeeper:4.4.14
2023/08/05 10:06:27 jar_compare.go:23: 大于等于判断: d:\gaga-dev\账户中心产品线_V1.0.077_R05_20230802\账户中心产品线_V1.0.077_R05_20230802\应用包\yhzx-web.war WEB-INF/lib/fastjson-1.2.83.jar fastjson:1.2.83 不大于等于 fastjson:1.2.84
2023/08/05 10:06:27 jar_compare.go:12: 相等判断: d:\gaga-dev\账户中心产品线_V1.0.077_R05_20230802\账户中心产品线_V1.0.077_R05_20230802\应用包\yhzx-web.war WEB-INF/lib/accessors-smart-2.4.9.jar accessors-smart:2.4.9 不等于 accessors-smart:1.4.9
